2017-11-20 09:06:13.619  INFO 2496 --- [main] c.c.c.ConfigServicePropertySourceLocator : Fetching config from server at: http://localhost:8888
2017-11-20 09:06:13.739  WARN 2496 --- [main] c.c.c.ConfigServicePropertySourceLocator : Could not locate PropertySource: label not found
2017-11-20 09:06:13.742  INFO 2496 --- [main] p.TrelloV2PermissionsService1Application : No active profile set, falling back to default profiles: default
2017-11-20 09:06:13.767  INFO 2496 --- [main] ationConfigEmbeddedWebApplicationContext : Refreshing org.springframework.boot.context.embedded.AnnotationConfigEmbeddedWebApplicationContext@4d18aa28: startup date [Mon Nov 20 09:06:13 EST 2017]; parent: org.springframework.context.annotation.AnnotationConfigApplicationContext@6ff29830
2017-11-20 09:06:14.868  INFO 2496 --- [main] o.s.cloud.context.scope.GenericScope     : BeanFactory id=09b92817-12b6-3052-a2ab-1544a27bc7a1
2017-11-20 09:06:14.892  INFO 2496 --- [main] f.a.AutowiredAnnotationBeanPostProcessor : JSR-330 'javax.inject.Inject' annotation found and supported for autowiring
2017-11-20 09:06:15.065  INFO 2496 --- [main] trationDelegate$BeanPostProcessorChecker : Bean 'org.springframework.transaction.annotation.ProxyTransactionManagementConfiguration' of type [org.springframework.transaction.annotation.ProxyTransactionManagementConfiguration$$EnhancerBySpringCGLIB$$9052df55] is not eligible for getting processed by all BeanPostProcessors (for example: not eligible for auto-proxying)
2017-11-20 09:06:15.164  INFO 2496 --- [main] trationDelegate$BeanPostProcessorChecker : Bean 'org.springframework.cloud.netflix.metrics.MetricsInterceptorConfiguration$MetricsRestTemplateConfiguration' of type [org.springframework.cloud.netflix.metrics.MetricsInterceptorConfiguration$MetricsRestTemplateConfiguration$$EnhancerBySpringCGLIB$$c27f8596] is not eligible for getting processed by all BeanPostProcessors (for example: not eligible for auto-proxying)
2017-11-20 09:06:15.174  INFO 2496 --- [main] trationDelegate$BeanPostProcessorChecker : Bean 'org.springframework.cloud.autoconfigure.ConfigurationPropertiesRebinderAutoConfiguration' of type [org.springframework.cloud.autoconfigure.ConfigurationPropertiesRebinderAutoConfiguration$$EnhancerBySpringCGLIB$$ac6ce252] is not eligible for getting processed by all BeanPostProcessors (for example: not eligible for auto-proxying)
2017-11-20 09:06:15.489  INFO 2496 --- [main] s.b.c.e.t.TomcatEmbeddedServletContainer : Tomcat initialized with port(s): 0 (http)
2017-11-20 09:06:15.501  INFO 2496 --- [main] o.apache.catalina.core.StandardService   : Starting service [Tomcat]
2017-11-20 09:06:15.502  INFO 2496 --- [main] org.apache.catalina.core.StandardEngine  : Starting Servlet Engine: Apache Tomcat/8.5.23
2017-11-20 09:06:15.623  INFO 2496 --- [localhost-startStop-1] o.a.c.c.C.[Tomcat].[localhost].[/]       : Initializing Spring embedded WebApplicationContext
2017-11-20 09:06:15.624  INFO 2496 --- [localhost-startStop-1] o.s.web.context.ContextLoader            : Root WebApplicationContext: initialization completed in 1857 ms
2017-11-20 09:06:15.967  INFO 2496 --- [localhost-startStop-1] o.s.b.w.servlet.FilterRegistrationBean   : Mapping filter: 'metricsFilter' to: [/*]
2017-11-20 09:06:15.967  INFO 2496 --- [localhost-startStop-1] o.s.b.w.servlet.FilterRegistrationBean   : Mapping filter: 'characterEncodingFilter' to: [/*]
2017-11-20 09:06:15.968  INFO 2496 --- [localhost-startStop-1] o.s.b.w.servlet.FilterRegistrationBean   : Mapping filter: 'hiddenHttpMethodFilter' to: [/*]
2017-11-20 09:06:15.968  INFO 2496 --- [localhost-startStop-1] o.s.b.w.servlet.FilterRegistrationBean   : Mapping filter: 'httpPutFormContentFilter' to: [/*]
2017-11-20 09:06:15.968  INFO 2496 --- [localhost-startStop-1] o.s.b.w.servlet.FilterRegistrationBean   : Mapping filter: 'requestContextFilter' to: [/*]
2017-11-20 09:06:15.969  INFO 2496 --- [localhost-startStop-1] .s.DelegatingFilterProxyRegistrationBean : Mapping filter: 'springSecurityFilterChain' to: [/*]
2017-11-20 09:06:15.969  INFO 2496 --- [localhost-startStop-1] o.s.b.w.servlet.FilterRegistrationBean   : Mapping filter: 'webRequestLoggingFilter' to: [/*]
2017-11-20 09:06:15.969  INFO 2496 --- [localhost-startStop-1] o.s.b.w.servlet.FilterRegistrationBean   : Mapping filter: 'applicationContextIdFilter' to: [/*]
2017-11-20 09:06:15.970  INFO 2496 --- [localhost-startStop-1] o.s.b.w.servlet.ServletRegistrationBean  : Mapping servlet: 'dispatcherServlet' to [/]
2017-11-20 09:06:18.793  INFO 2496 --- [main] j.LocalContainerEntityManagerFactoryBean : Building JPA container EntityManagerFactory for persistence unit 'default'
2017-11-20 09:06:20.096  INFO 2496 --- [main] j.LocalContainerEntityManagerFactoryBean : Initialized JPA EntityManagerFactory for persistence unit 'default'
2017-11-20 09:06:20.579  WARN 2496 --- [main] c.n.c.sources.URLConfigurationSource     : No URLs will be polled as dynamic configuration sources.
2017-11-20 09:06:20.580  INFO 2496 --- [main] c.n.c.sources.URLConfigurationSource     : To enable URLs as dynamic configuration sources, define System property archaius.configurationSource.additionalUrls or make config.properties available on classpath.
2017-11-20 09:06:20.584  WARN 2496 --- [main] c.n.c.sources.URLConfigurationSource     : No URLs will be polled as dynamic configuration sources.
2017-11-20 09:06:20.585  INFO 2496 --- [main] c.n.c.sources.URLConfigurationSource     : To enable URLs as dynamic configuration sources, define System property archaius.configurationSource.additionalUrls or make config.properties available on classpath.
2017-11-20 09:06:20.931  INFO 2496 --- [main] s.w.s.m.m.a.RequestMappingHandlerAdapter : Looking for @ControllerAdvice: org.springframework.boot.context.embedded.AnnotationConfigEmbeddedWebApplicationContext@4d18aa28: startup date [Mon Nov 20 09:06:13 EST 2017]; parent: org.springframework.context.annotation.AnnotationConfigApplicationContext@6ff29830
2017-11-20 09:06:21.043  INFO 2496 --- [main] s.w.s.m.m.a.RequestMappingHandlerMapping : Mapped "{[/viewAll],methods=[GET]}" onto public org.springframework.http.ResponseEntity<java.util.List<com.revature.permissions.beans.TV2User>> com.revature.permissions.controller.PermissionCtrl.getAllUsers()
2017-11-20 09:06:21.054  INFO 2496 --- [main] s.w.s.m.m.a.RequestMappingHandlerMapping : Mapped "{[/error]}" onto public org.springframework.http.ResponseEntity<java.util.Map<java.lang.String, java.lang.Object>> org.springframework.boot.autoconfigure.web.BasicErrorController.error(javax.servlet.http.HttpServletRequest)
2017-11-20 09:06:21.055  INFO 2496 --- [main] s.w.s.m.m.a.RequestMappingHandlerMapping : Mapped "{[/error],produces=[text/html]}" onto public org.springframework.web.servlet.ModelAndView org.springframework.boot.autoconfigure.web.BasicErrorController.errorHtml(javax.servlet.http.HttpServletRequest,javax.servlet.http.HttpServletResponse)
2017-11-20 09:06:21.113  INFO 2496 --- [main] o.s.w.s.handler.SimpleUrlHandlerMapping  : Mapped URL path [/webjars/**] onto handler of type [class org.springframework.web.servlet.resource.ResourceHttpRequestHandler]
2017-11-20 09:06:21.113  INFO 2496 --- [main] o.s.w.s.handler.SimpleUrlHandlerMapping  : Mapped URL path [/**] onto handler of type [class org.springframework.web.servlet.resource.ResourceHttpRequestHandler]
2017-11-20 09:06:21.166  INFO 2496 --- [main] o.s.w.s.handler.SimpleUrlHandlerMapping  : Mapped URL path [/**/favicon.ico] onto handler of type [class org.springframework.web.servlet.resource.ResourceHttpRequestHandler]
2017-11-20 09:06:21.599  INFO 2496 --- [main] b.a.s.AuthenticationManagerConfiguration : 

Using default security password: 5f405531-9c50-410c-ae15-560315ee38ee

2017-11-20 09:06:21.651  INFO 2496 --- [main] o.s.s.web.DefaultSecurityFilterChain     : Creating filter chain: OrRequestMatcher [requestMatchers=[Ant [pattern='/css/**'], Ant [pattern='/js/**'], Ant [pattern='/images/**'], Ant [pattern='/webjars/**'], Ant [pattern='/**/favicon.ico'], Ant [pattern='/error']]], []
2017-11-20 09:06:22.090  INFO 2496 --- [main] o.s.b.a.e.mvc.EndpointHandlerMapping     : Mapped "{[/logfile || /logfile.json],methods=[GET || HEAD]}" onto public void org.springframework.boot.actuate.endpoint.mvc.LogFileMvcEndpoint.invoke(javax.servlet.http.HttpServletRequest,javax.servlet.http.HttpServletResponse) throws javax.servlet.ServletException,java.io.IOException
2017-11-20 09:06:22.091  INFO 2496 --- [main] o.s.b.a.e.mvc.EndpointHandlerMapping     : Mapped "{[/beans || /beans.json],methods=[GET],produces=[application/vnd.spring-boot.actuator.v1+json || application/json]}" onto public java.lang.Object org.springframework.boot.actuate.endpoint.mvc.EndpointMvcAdapter.invoke()
2017-11-20 09:06:22.095  INFO 2496 --- [main] o.s.b.a.e.mvc.EndpointHandlerMapping     : Mapped "{[/env/{name:.*}],methods=[GET],produces=[application/vnd.spring-boot.actuator.v1+json || application/json]}" onto public java.lang.Object org.springframework.boot.actuate.endpoint.mvc.EnvironmentMvcEndpoint.value(java.lang.String)
2017-11-20 09:06:22.096  INFO 2496 --- [main] o.s.b.a.e.mvc.EndpointHandlerMapping     : Mapped "{[/env || /env.json],methods=[GET],produces=[application/vnd.spring-boot.actuator.v1+json || application/json]}" onto public java.lang.Object org.springframework.boot.actuate.endpoint.mvc.EndpointMvcAdapter.invoke()
2017-11-20 09:06:22.097  INFO 2496 --- [main] o.s.b.a.e.mvc.EndpointHandlerMapping     : Mapped "{[/info || /info.json],methods=[GET],produces=[application/vnd.spring-boot.actuator.v1+json || application/json]}" onto public java.lang.Object org.springframework.boot.actuate.endpoint.mvc.EndpointMvcAdapter.invoke()
2017-11-20 09:06:22.098  INFO 2496 --- [main] o.s.b.a.e.mvc.EndpointHandlerMapping     : Mapped "{[/autoconfig || /autoconfig.json],methods=[GET],produces=[application/vnd.spring-boot.actuator.v1+json || application/json]}" onto public java.lang.Object org.springframework.boot.actuate.endpoint.mvc.EndpointMvcAdapter.invoke()
2017-11-20 09:06:22.099  INFO 2496 --- [main] o.s.b.a.e.mvc.EndpointHandlerMapping     : Mapped "{[/service-registry/instance-status],methods=[GET]}" onto public org.springframework.http.ResponseEntity org.springframework.cloud.client.serviceregistry.endpoint.ServiceRegistryEndpoint.getStatus()
2017-11-20 09:06:22.099  INFO 2496 --- [main] o.s.b.a.e.mvc.EndpointHandlerMapping     : Mapped "{[/service-registry/instance-status],methods=[POST]}" onto public org.springframework.http.ResponseEntity<?> org.springframework.cloud.client.serviceregistry.endpoint.ServiceRegistryEndpoint.setStatus(java.lang.String)
2017-11-20 09:06:22.099  INFO 2496 --- [main] o.s.b.a.e.mvc.EndpointHandlerMapping     : Mapped "{[/dump || /dump.json],methods=[GET],produces=[application/vnd.spring-boot.actuator.v1+json || application/json]}" onto public java.lang.Object org.springframework.boot.actuate.endpoint.mvc.EndpointMvcAdapter.invoke()
2017-11-20 09:06:22.100  INFO 2496 --- [main] o.s.b.a.e.mvc.EndpointHandlerMapping     : Mapped "{[/trace || /trace.json],methods=[GET],produces=[application/vnd.spring-boot.actuator.v1+json || application/json]}" onto public java.lang.Object org.springframework.boot.actuate.endpoint.mvc.EndpointMvcAdapter.invoke()
2017-11-20 09:06:22.101  INFO 2496 --- [main] o.s.b.a.e.mvc.EndpointHandlerMapping     : Mapped "{[/resume || /resume.json],methods=[POST]}" onto public java.lang.Object org.springframework.cloud.endpoint.GenericPostableMvcEndpoint.invoke()
2017-11-20 09:06:22.101  INFO 2496 --- [main] o.s.b.a.e.mvc.EndpointHandlerMapping     : Mapped "{[/mappings || /mappings.json],methods=[GET],produces=[application/vnd.spring-boot.actuator.v1+json || application/json]}" onto public java.lang.Object org.springframework.boot.actuate.endpoint.mvc.EndpointMvcAdapter.invoke()
2017-11-20 09:06:22.103  INFO 2496 --- [main] o.s.b.a.e.mvc.EndpointHandlerMapping     : Mapped "{[/health || /health.json],methods=[GET],produces=[application/vnd.spring-boot.actuator.v1+json || application/json]}" onto public java.lang.Object org.springframework.boot.actuate.endpoint.mvc.HealthMvcEndpoint.invoke(javax.servlet.http.HttpServletRequest,java.security.Principal)
2017-11-20 09:06:22.104  INFO 2496 --- [main] o.s.b.a.e.mvc.EndpointHandlerMapping     : Mapped "{[/env],methods=[POST]}" onto public java.lang.Object org.springframework.cloud.context.environment.EnvironmentManagerMvcEndpoint.value(java.util.Map<java.lang.String, java.lang.String>)
2017-11-20 09:06:22.104  INFO 2496 --- [main] o.s.b.a.e.mvc.EndpointHandlerMapping     : Mapped "{[/env/reset],methods=[POST]}" onto public java.util.Map<java.lang.String, java.lang.Object> org.springframework.cloud.context.environment.EnvironmentManagerMvcEndpoint.reset()
2017-11-20 09:06:22.106  INFO 2496 --- [main] o.s.b.a.e.mvc.EndpointHandlerMapping     : Mapped "{[/loggers/{name:.*}],methods=[GET],produces=[application/vnd.spring-boot.actuator.v1+json || application/json]}" onto public java.lang.Object org.springframework.boot.actuate.endpoint.mvc.LoggersMvcEndpoint.get(java.lang.String)
2017-11-20 09:06:22.106  INFO 2496 --- [main] o.s.b.a.e.mvc.EndpointHandlerMapping     : Mapped "{[/loggers/{name:.*}],methods=[POST],consumes=[application/vnd.spring-boot.actuator.v1+json || application/json],produces=[application/vnd.spring-boot.actuator.v1+json || application/json]}" onto public java.lang.Object org.springframework.boot.actuate.endpoint.mvc.LoggersMvcEndpoint.set(java.lang.String,java.util.Map<java.lang.String, java.lang.String>)
2017-11-20 09:06:22.106  INFO 2496 --- [main] o.s.b.a.e.mvc.EndpointHandlerMapping     : Mapped "{[/loggers || /loggers.json],methods=[GET],produces=[application/vnd.spring-boot.actuator.v1+json || application/json]}" onto public java.lang.Object org.springframework.boot.actuate.endpoint.mvc.EndpointMvcAdapter.invoke()
2017-11-20 09:06:22.107  INFO 2496 --- [main] o.s.b.a.e.mvc.EndpointHandlerMapping     : Mapped "{[/auditevents || /auditevents.json],methods=[GET],produces=[application/vnd.spring-boot.actuator.v1+json || application/json]}" onto public org.springframework.http.ResponseEntity<?> org.springframework.boot.actuate.endpoint.mvc.AuditEventsMvcEndpoint.findByPrincipalAndAfterAndType(java.lang.String,java.util.Date,java.lang.String)
2017-11-20 09:06:22.109  INFO 2496 --- [main] o.s.b.a.e.mvc.EndpointHandlerMapping     : Mapped "{[/refresh || /refresh.json],methods=[POST]}" onto public java.lang.Object org.springframework.cloud.endpoint.GenericPostableMvcEndpoint.invoke()
2017-11-20 09:06:22.110  INFO 2496 --- [main] o.s.b.a.e.mvc.EndpointHandlerMapping     : Mapped "{[/heapdump || /heapdump.json],methods=[GET],produces=[application/octet-stream]}" onto public void org.springframework.boot.actuate.endpoint.mvc.HeapdumpMvcEndpoint.invoke(boolean,javax.servlet.http.HttpServletRequest,javax.servlet.http.HttpServletResponse) throws java.io.IOException,javax.servlet.ServletException
2017-11-20 09:06:22.111  INFO 2496 --- [main] o.s.b.a.e.mvc.EndpointHandlerMapping     : Mapped "{[/archaius || /archaius.json],methods=[GET],produces=[application/vnd.spring-boot.actuator.v1+json || application/json]}" onto public java.lang.Object org.springframework.boot.actuate.endpoint.mvc.EndpointMvcAdapter.invoke()
2017-11-20 09:06:22.111  INFO 2496 --- [main] o.s.b.a.e.mvc.EndpointHandlerMapping     : Mapped "{[/configprops || /configprops.json],methods=[GET],produces=[application/vnd.spring-boot.actuator.v1+json || application/json]}" onto public java.lang.Object org.springframework.boot.actuate.endpoint.mvc.EndpointMvcAdapter.invoke()
2017-11-20 09:06:22.112  INFO 2496 --- [main] o.s.b.a.e.mvc.EndpointHandlerMapping     : Mapped "{[/metrics/{name:.*}],methods=[GET],produces=[application/vnd.spring-boot.actuator.v1+json || application/json]}" onto public java.lang.Object org.springframework.boot.actuate.endpoint.mvc.MetricsMvcEndpoint.value(java.lang.String)
2017-11-20 09:06:22.112  INFO 2496 --- [main] o.s.b.a.e.mvc.EndpointHandlerMapping     : Mapped "{[/metrics || /metrics.json],methods=[GET],produces=[application/vnd.spring-boot.actuator.v1+json || application/json]}" onto public java.lang.Object org.springframework.boot.actuate.endpoint.mvc.EndpointMvcAdapter.invoke()
2017-11-20 09:06:22.113  INFO 2496 --- [main] o.s.b.a.e.mvc.EndpointHandlerMapping     : Mapped "{[/features || /features.json],methods=[GET],produces=[application/vnd.spring-boot.actuator.v1+json || application/json]}" onto public java.lang.Object org.springframework.boot.actuate.endpoint.mvc.EndpointMvcAdapter.invoke()
2017-11-20 09:06:22.115  INFO 2496 --- [main] o.s.b.a.e.mvc.EndpointHandlerMapping     : Mapped "{[/restart || /restart.json],methods=[POST]}" onto public java.lang.Object org.springframework.cloud.context.restart.RestartMvcEndpoint.invoke()
2017-11-20 09:06:22.115  INFO 2496 --- [main] o.s.b.a.e.mvc.EndpointHandlerMapping     : Mapped "{[/pause || /pause.json],methods=[POST]}" onto public java.lang.Object org.springframework.cloud.endpoint.GenericPostableMvcEndpoint.invoke()
2017-11-20 09:06:22.117  INFO 2496 --- [main] o.s.s.web.DefaultSecurityFilterChain     : Creating filter chain: org.springframework.boot.actuate.autoconfigure.ManagementWebSecurityAutoConfiguration$LazyEndpointPathRequestMatcher@3991fe6d, [org.springframework.security.web.context.request.async.WebAsyncManagerIntegrationFilter@3a0e7f89, org.springframework.security.web.context.SecurityContextPersistenceFilter@49d979c4, org.springframework.security.web.header.HeaderWriterFilter@38923cfe, org.springframework.web.filter.CorsFilter@665ed71a, org.springframework.security.web.authentication.logout.LogoutFilter@2e6b379c, org.springframework.security.web.authentication.www.BasicAuthenticationFilter@65d6640, org.springframework.security.web.savedrequest.RequestCacheAwareFilter@26712838, org.springframework.security.web.servletapi.SecurityContextHolderAwareRequestFilter@55746340, org.springframework.security.web.authentication.AnonymousAuthenticationFilter@15c1b543, org.springframework.security.web.session.SessionManagementFilter@17ec5e2a, org.springframework.security.web.access.ExceptionTranslationFilter@75f8d9b0, org.springframework.security.web.access.intercept.FilterSecurityInterceptor@54f25b42]
2017-11-20 09:06:22.120  INFO 2496 --- [main] o.s.s.web.DefaultSecurityFilterChain     : Creating filter chain: OrRequestMatcher [requestMatchers=[Ant [pattern='/**']]], [org.springframework.security.web.context.request.async.WebAsyncManagerIntegrationFilter@204c5ddf, org.springframework.security.web.context.SecurityContextPersistenceFilter@5f01fb5c, org.springframework.security.web.header.HeaderWriterFilter@73316a0a, org.springframework.security.web.authentication.logout.LogoutFilter@53df7e67, org.springframework.security.web.authentication.www.BasicAuthenticationFilter@3d4b45b, org.springframework.security.web.savedrequest.RequestCacheAwareFilter@75c77add, org.springframework.security.web.servletapi.SecurityContextHolderAwareRequestFilter@d5e3f55, org.springframework.security.web.authentication.AnonymousAuthenticationFilter@240f2efd, org.springframework.security.web.session.SessionManagementFilter@63a7af06, org.springframework.security.web.access.ExceptionTranslationFilter@4c9cce17, org.springframework.security.web.access.intercept.FilterSecurityInterceptor@231d3ce]
2017-11-20 09:06:22.681  INFO 2496 --- [main] o.s.j.e.a.AnnotationMBeanExporter        : Registering beans for JMX exposure on startup
2017-11-20 09:06:22.692  INFO 2496 --- [main] o.s.j.e.a.AnnotationMBeanExporter        : Bean with name 'environmentManager' has been autodetected for JMX exposure
2017-11-20 09:06:22.696  INFO 2496 --- [main] o.s.j.e.a.AnnotationMBeanExporter        : Bean with name 'configurationPropertiesRebinder' has been autodetected for JMX exposure
2017-11-20 09:06:22.697  INFO 2496 --- [main] o.s.j.e.a.AnnotationMBeanExporter        : Bean with name 'refreshEndpoint' has been autodetected for JMX exposure
2017-11-20 09:06:22.698  INFO 2496 --- [main] o.s.j.e.a.AnnotationMBeanExporter        : Bean with name 'restartEndpoint' has been autodetected for JMX exposure
2017-11-20 09:06:22.699  INFO 2496 --- [main] o.s.j.e.a.AnnotationMBeanExporter        : Bean with name 'serviceRegistryEndpoint' has been autodetected for JMX exposure
2017-11-20 09:06:22.701  INFO 2496 --- [main] o.s.j.e.a.AnnotationMBeanExporter        : Bean with name 'refreshScope' has been autodetected for JMX exposure
2017-11-20 09:06:22.704  INFO 2496 --- [main] o.s.j.e.a.AnnotationMBeanExporter        : Located managed bean 'environmentManager': registering with JMX server as MBean [org.springframework.cloud.context.environment:name=environmentManager,type=EnvironmentManager]
2017-11-20 09:06:22.718  INFO 2496 --- [main] o.s.j.e.a.AnnotationMBeanExporter        : Located managed bean 'restartEndpoint': registering with JMX server as MBean [org.springframework.cloud.context.restart:name=restartEndpoint,type=RestartEndpoint]
2017-11-20 09:06:22.728  INFO 2496 --- [main] o.s.j.e.a.AnnotationMBeanExporter        : Located managed bean 'serviceRegistryEndpoint': registering with JMX server as MBean [org.springframework.cloud.client.serviceregistry.endpoint:name=serviceRegistryEndpoint,type=ServiceRegistryEndpoint]
2017-11-20 09:06:22.736  INFO 2496 --- [main] o.s.j.e.a.AnnotationMBeanExporter        : Located managed bean 'refreshScope': registering with JMX server as MBean [org.springframework.cloud.context.scope.refresh:name=refreshScope,type=RefreshScope]
2017-11-20 09:06:22.746  INFO 2496 --- [main] o.s.j.e.a.AnnotationMBeanExporter        : Located managed bean 'configurationPropertiesRebinder': registering with JMX server as MBean [org.springframework.cloud.context.properties:name=configurationPropertiesRebinder,context=4d18aa28,type=ConfigurationPropertiesRebinder]
2017-11-20 09:06:22.753  INFO 2496 --- [main] o.s.j.e.a.AnnotationMBeanExporter        : Located managed bean 'refreshEndpoint': registering with JMX server as MBean [org.springframework.cloud.endpoint:name=refreshEndpoint,type=RefreshEndpoint]
2017-11-20 09:06:23.036  INFO 2496 --- [main] o.s.c.support.DefaultLifecycleProcessor  : Starting beans in phase 0
2017-11-20 09:06:23.162  INFO 2496 --- [main] s.b.c.e.t.TomcatEmbeddedServletContainer : Tomcat started on port(s): 52715 (http)
2017-11-20 09:06:23.163  INFO 2496 --- [main] .s.c.n.e.s.EurekaAutoServiceRegistration : Updating port to 52715
2017-11-20 09:06:23.174  INFO 2496 --- [main] o.s.c.n.eureka.InstanceInfoFactory       : Setting initial instance status as: STARTING
2017-11-20 09:06:23.210  INFO 2496 --- [main] com.netflix.discovery.DiscoveryClient    : Initializing Eureka in region us-east-1
2017-11-20 09:06:23.411  INFO 2496 --- [main] c.n.d.provider.DiscoveryJerseyProvider   : Using JSON encoding codec LegacyJacksonJson
2017-11-20 09:06:23.412  INFO 2496 --- [main] c.n.d.provider.DiscoveryJerseyProvider   : Using JSON decoding codec LegacyJacksonJson
2017-11-20 09:06:23.500  INFO 2496 --- [main] c.n.d.provider.DiscoveryJerseyProvider   : Using XML encoding codec XStreamXml
2017-11-20 09:06:23.500  INFO 2496 --- [main] c.n.d.provider.DiscoveryJerseyProvider   : Using XML decoding codec XStreamXml
2017-11-20 09:06:23.689  INFO 2496 --- [main] c.n.d.s.r.aws.ConfigClusterResolver      : Resolving eureka endpoints via configuration
2017-11-20 09:06:23.705  INFO 2496 --- [main] com.netflix.discovery.DiscoveryClient    : Disable delta property : false
2017-11-20 09:06:23.706  INFO 2496 --- [main] com.netflix.discovery.DiscoveryClient    : Single vip registry refresh property : null
2017-11-20 09:06:23.706  INFO 2496 --- [main] com.netflix.discovery.DiscoveryClient    : Force full registry fetch : false
2017-11-20 09:06:23.706  INFO 2496 --- [main] com.netflix.discovery.DiscoveryClient    : Application is null : false
2017-11-20 09:06:23.706  INFO 2496 --- [main] com.netflix.discovery.DiscoveryClient    : Registered Applications size is zero : true
2017-11-20 09:06:23.706  INFO 2496 --- [main] com.netflix.discovery.DiscoveryClient    : Application version is -1: true
2017-11-20 09:06:23.707  INFO 2496 --- [main] com.netflix.discovery.DiscoveryClient    : Getting all instance registry info from the eureka server
2017-11-20 09:06:23.829  INFO 2496 --- [main] com.netflix.discovery.DiscoveryClient    : The response status is 200
2017-11-20 09:06:23.832  INFO 2496 --- [main] com.netflix.discovery.DiscoveryClient    : Starting heartbeat executor: renew interval is: 30
2017-11-20 09:06:23.835  INFO 2496 --- [main] c.n.discovery.InstanceInfoReplicator     : InstanceInfoReplicator onDemand update allowed rate per min is 4
2017-11-20 09:06:23.838  INFO 2496 --- [main] com.netflix.discovery.DiscoveryClient    : Discovery Client initialized at timestamp 1511186783838 with initial instances count: 5
2017-11-20 09:06:23.867  INFO 2496 --- [main] o.s.c.n.e.s.EurekaServiceRegistry        : Registering application permissions with eureka with status UP
2017-11-20 09:06:23.868  INFO 2496 --- [main] com.netflix.discovery.DiscoveryClient    : Saw local status change event StatusChangeEvent [timestamp=1511186783868, current=UP, previous=STARTING]
2017-11-20 09:06:23.870  INFO 2496 --- [DiscoveryClient-InstanceInfoReplicator-0] com.netflix.discovery.DiscoveryClient    : DiscoveryClient_PERMISSIONS/usf-gold-wifi-226-61-181.laptops.usf.edu:permissions:0: registering service...
2017-11-20 09:06:23.880  INFO 2496 --- [main] p.TrelloV2PermissionsService1Application : Started TrelloV2PermissionsService1Application in 11.459 seconds (JVM running for 12.308)
2017-11-20 09:06:23.908  INFO 2496 --- [DiscoveryClient-InstanceInfoReplicator-0] com.netflix.discovery.DiscoveryClient    : DiscoveryClient_PERMISSIONS/usf-gold-wifi-226-61-181.laptops.usf.edu:permissions:0 - registration status: 204
2017-11-20 09:11:23.703  INFO 2496 --- [AsyncResolver-bootstrap-executor-0] c.n.d.s.r.aws.ConfigClusterResolver      : Resolving eureka endpoints via configuration
2017-11-20 09:16:23.700  INFO 2496 --- [AsyncResolver-bootstrap-executor-0] c.n.d.s.r.aws.ConfigClusterResolver      : Resolving eureka endpoints via configuration
2017-11-20 09:21:23.692  INFO 2496 --- [AsyncResolver-bootstrap-executor-0] c.n.d.s.r.aws.ConfigClusterResolver      : Resolving eureka endpoints via configuration
2017-11-20 09:24:48.698  INFO 2496 --- [RMI TCP Connection(29)-127.0.0.1] inMXBeanRegistrar$SpringApplicationAdmin : Application shutdown requested.
2017-11-20 09:24:48.699  INFO 2496 --- [RMI TCP Connection(29)-127.0.0.1] ationConfigEmbeddedWebApplicationContext : Closing org.springframework.boot.context.embedded.AnnotationConfigEmbeddedWebApplicationContext@4d18aa28: startup date [Mon Nov 20 09:06:13 EST 2017]; parent: org.springframework.context.annotation.AnnotationConfigApplicationContext@6ff29830
2017-11-20 09:24:48.709  INFO 2496 --- [RMI TCP Connection(29)-127.0.0.1] o.s.c.n.e.s.EurekaServiceRegistry        : Unregistering application permissions with eureka with status DOWN
2017-11-20 09:24:48.709  WARN 2496 --- [RMI TCP Connection(29)-127.0.0.1] com.netflix.discovery.DiscoveryClient    : Saw local status change event StatusChangeEvent [timestamp=1511187888709, current=DOWN, previous=UP]
2017-11-20 09:24:48.710  INFO 2496 --- [DiscoveryClient-InstanceInfoReplicator-0] com.netflix.discovery.DiscoveryClient    : DiscoveryClient_PERMISSIONS/usf-gold-wifi-226-61-181.laptops.usf.edu:permissions:0: registering service...
2017-11-20 09:24:48.711  INFO 2496 --- [RMI TCP Connection(29)-127.0.0.1] com.netflix.discovery.DiscoveryClient    : Shutting down DiscoveryClient ...
2017-11-20 09:24:48.713  INFO 2496 --- [RMI TCP Connection(29)-127.0.0.1] com.netflix.discovery.DiscoveryClient    : Unregistering ...
2017-11-20 09:24:48.720  INFO 2496 --- [DiscoveryClient-InstanceInfoReplicator-0] com.netflix.discovery.DiscoveryClient    : DiscoveryClient_PERMISSIONS/usf-gold-wifi-226-61-181.laptops.usf.edu:permissions:0 - registration status: 204
2017-11-20 09:24:48.723  INFO 2496 --- [RMI TCP Connection(29)-127.0.0.1] com.netflix.discovery.DiscoveryClient    : DiscoveryClient_PERMISSIONS/usf-gold-wifi-226-61-181.laptops.usf.edu:permissions:0 - deregister  status: 200
2017-11-20 09:24:48.730  INFO 2496 --- [RMI TCP Connection(29)-127.0.0.1] com.netflix.discovery.DiscoveryClient    : Completed shut down of DiscoveryClient
2017-11-20 09:24:48.745  INFO 2496 --- [RMI TCP Connection(29)-127.0.0.1] o.s.c.support.DefaultLifecycleProcessor  : Stopping beans in phase 0
2017-11-20 09:24:48.751  INFO 2496 --- [RMI TCP Connection(29)-127.0.0.1] o.s.j.e.a.AnnotationMBeanExporter        : Unregistering JMX-exposed beans on shutdown
2017-11-20 09:24:48.752  INFO 2496 --- [RMI TCP Connection(29)-127.0.0.1] o.s.j.e.a.AnnotationMBeanExporter        : Unregistering JMX-exposed beans
2017-11-20 09:24:48.764  INFO 2496 --- [RMI TCP Connection(29)-127.0.0.1] j.LocalContainerEntityManagerFactoryBean : Closing JPA EntityManagerFactory for persistence unit 'default'
2017-11-20 09:24:48.920  INFO 2496 --- [RMI TCP Connection(29)-127.0.0.1] o.apache.catalina.core.StandardService   : Stopping service [Tomcat]
