2017-11-20 08:57:28.358  INFO 1947 --- [main] c.c.c.ConfigServicePropertySourceLocator : Fetching config from server at: http://localhost:8888
2017-11-20 08:57:28.485  WARN 1947 --- [main] c.c.c.ConfigServicePropertySourceLocator : Could not locate PropertySource: label not found
2017-11-20 08:57:28.487  INFO 1947 --- [main] .TrelloV2BurndownChartServiceApplication : No active profile set, falling back to default profiles: default
2017-11-20 08:57:28.510  INFO 1947 --- [main] ationConfigEmbeddedWebApplicationContext : Refreshing org.springframework.boot.context.embedded.AnnotationConfigEmbeddedWebApplicationContext@4d18aa28: startup date [Mon Nov 20 08:57:28 EST 2017]; parent: org.springframework.context.annotation.AnnotationConfigApplicationContext@6ff29830
2017-11-20 08:57:30.119  INFO 1947 --- [main] o.s.cloud.context.scope.GenericScope     : BeanFactory id=7c63bb3b-cf3e-379e-95ff-179b138c0134
2017-11-20 08:57:30.146  INFO 1947 --- [main] f.a.AutowiredAnnotationBeanPostProcessor : JSR-330 'javax.inject.Inject' annotation found and supported for autowiring
2017-11-20 08:57:30.336  INFO 1947 --- [main] trationDelegate$BeanPostProcessorChecker : Bean 'org.springframework.transaction.annotation.ProxyTransactionManagementConfiguration' of type [org.springframework.transaction.annotation.ProxyTransactionManagementConfiguration$$EnhancerBySpringCGLIB$$9052df55] is not eligible for getting processed by all BeanPostProcessors (for example: not eligible for auto-proxying)
2017-11-20 08:57:30.453  INFO 1947 --- [main] trationDelegate$BeanPostProcessorChecker : Bean 'org.springframework.cloud.netflix.metrics.MetricsInterceptorConfiguration$MetricsRestTemplateConfiguration' of type [org.springframework.cloud.netflix.metrics.MetricsInterceptorConfiguration$MetricsRestTemplateConfiguration$$EnhancerBySpringCGLIB$$c27f8596] is not eligible for getting processed by all BeanPostProcessors (for example: not eligible for auto-proxying)
2017-11-20 08:57:30.468  INFO 1947 --- [main] trationDelegate$BeanPostProcessorChecker : Bean 'org.springframework.cloud.autoconfigure.ConfigurationPropertiesRebinderAutoConfiguration' of type [org.springframework.cloud.autoconfigure.ConfigurationPropertiesRebinderAutoConfiguration$$EnhancerBySpringCGLIB$$ac6ce252] is not eligible for getting processed by all BeanPostProcessors (for example: not eligible for auto-proxying)
2017-11-20 08:57:30.792  INFO 1947 --- [main] s.b.c.e.t.TomcatEmbeddedServletContainer : Tomcat initialized with port(s): 0 (http)
2017-11-20 08:57:30.804  INFO 1947 --- [main] o.apache.catalina.core.StandardService   : Starting service [Tomcat]
2017-11-20 08:57:30.809  INFO 1947 --- [main] org.apache.catalina.core.StandardEngine  : Starting Servlet Engine: Apache Tomcat/8.5.23
2017-11-20 08:57:31.023  INFO 1947 --- [localhost-startStop-1] o.a.c.c.C.[Tomcat].[localhost].[/]       : Initializing Spring embedded WebApplicationContext
2017-11-20 08:57:31.024  INFO 1947 --- [localhost-startStop-1] o.s.web.context.ContextLoader            : Root WebApplicationContext: initialization completed in 2514 ms
2017-11-20 08:57:31.573  INFO 1947 --- [localhost-startStop-1] o.s.b.w.servlet.FilterRegistrationBean   : Mapping filter: 'metricsFilter' to: [/*]
2017-11-20 08:57:31.574  INFO 1947 --- [localhost-startStop-1] o.s.b.w.servlet.FilterRegistrationBean   : Mapping filter: 'characterEncodingFilter' to: [/*]
2017-11-20 08:57:31.574  INFO 1947 --- [localhost-startStop-1] o.s.b.w.servlet.FilterRegistrationBean   : Mapping filter: 'hiddenHttpMethodFilter' to: [/*]
2017-11-20 08:57:31.574  INFO 1947 --- [localhost-startStop-1] o.s.b.w.servlet.FilterRegistrationBean   : Mapping filter: 'httpPutFormContentFilter' to: [/*]
2017-11-20 08:57:31.574  INFO 1947 --- [localhost-startStop-1] o.s.b.w.servlet.FilterRegistrationBean   : Mapping filter: 'requestContextFilter' to: [/*]
2017-11-20 08:57:31.580  INFO 1947 --- [localhost-startStop-1] .s.DelegatingFilterProxyRegistrationBean : Mapping filter: 'springSecurityFilterChain' to: [/*]
2017-11-20 08:57:31.582  INFO 1947 --- [localhost-startStop-1] o.s.b.w.servlet.FilterRegistrationBean   : Mapping filter: 'webRequestLoggingFilter' to: [/*]
2017-11-20 08:57:31.582  INFO 1947 --- [localhost-startStop-1] o.s.b.w.servlet.FilterRegistrationBean   : Mapping filter: 'applicationContextIdFilter' to: [/*]
2017-11-20 08:57:31.582  INFO 1947 --- [localhost-startStop-1] o.s.b.w.servlet.ServletRegistrationBean  : Mapping servlet: 'dispatcherServlet' to [/]
2017-11-20 08:57:32.980  INFO 1947 --- [main] j.LocalContainerEntityManagerFactoryBean : Building JPA container EntityManagerFactory for persistence unit 'default'
2017-11-20 08:57:34.538  INFO 1947 --- [main] j.LocalContainerEntityManagerFactoryBean : Initialized JPA EntityManagerFactory for persistence unit 'default'
2017-11-20 08:57:35.241  WARN 1947 --- [main] c.n.c.sources.URLConfigurationSource     : No URLs will be polled as dynamic configuration sources.
2017-11-20 08:57:35.242  INFO 1947 --- [main] c.n.c.sources.URLConfigurationSource     : To enable URLs as dynamic configuration sources, define System property archaius.configurationSource.additionalUrls or make config.properties available on classpath.
2017-11-20 08:57:35.248  WARN 1947 --- [main] c.n.c.sources.URLConfigurationSource     : No URLs will be polled as dynamic configuration sources.
2017-11-20 08:57:35.248  INFO 1947 --- [main] c.n.c.sources.URLConfigurationSource     : To enable URLs as dynamic configuration sources, define System property archaius.configurationSource.additionalUrls or make config.properties available on classpath.
2017-11-20 08:57:35.712  INFO 1947 --- [main] s.w.s.m.m.a.RequestMappingHandlerAdapter : Looking for @ControllerAdvice: org.springframework.boot.context.embedded.AnnotationConfigEmbeddedWebApplicationContext@4d18aa28: startup date [Mon Nov 20 08:57:28 EST 2017]; parent: org.springframework.context.annotation.AnnotationConfigApplicationContext@6ff29830
2017-11-20 08:57:35.881  INFO 1947 --- [main] s.w.s.m.m.a.RequestMappingHandlerMapping : Mapped "{[/data]}" onto public org.springframework.http.ResponseEntity<java.util.ArrayList<com.revature.burndown.bean.Chart>> com.revature.burndown.controller.ChartData.authenticateFaceuser()
2017-11-20 08:57:35.891  INFO 1947 --- [main] s.w.s.m.m.a.RequestMappingHandlerMapping : Mapped "{[/error]}" onto public org.springframework.http.ResponseEntity<java.util.Map<java.lang.String, java.lang.Object>> org.springframework.boot.autoconfigure.web.BasicErrorController.error(javax.servlet.http.HttpServletRequest)
2017-11-20 08:57:35.891  INFO 1947 --- [main] s.w.s.m.m.a.RequestMappingHandlerMapping : Mapped "{[/error],produces=[text/html]}" onto public org.springframework.web.servlet.ModelAndView org.springframework.boot.autoconfigure.web.BasicErrorController.errorHtml(javax.servlet.http.HttpServletRequest,javax.servlet.http.HttpServletResponse)
2017-11-20 08:57:35.961  INFO 1947 --- [main] o.s.w.s.handler.SimpleUrlHandlerMapping  : Mapped URL path [/webjars/**] onto handler of type [class org.springframework.web.servlet.resource.ResourceHttpRequestHandler]
2017-11-20 08:57:35.961  INFO 1947 --- [main] o.s.w.s.handler.SimpleUrlHandlerMapping  : Mapped URL path [/**] onto handler of type [class org.springframework.web.servlet.resource.ResourceHttpRequestHandler]
2017-11-20 08:57:36.044  INFO 1947 --- [main] o.s.w.s.handler.SimpleUrlHandlerMapping  : Mapped URL path [/**/favicon.ico] onto handler of type [class org.springframework.web.servlet.resource.ResourceHttpRequestHandler]
2017-11-20 08:57:36.779  INFO 1947 --- [main] b.a.s.AuthenticationManagerConfiguration : 

Using default security password: 62a7dffd-58b7-45f5-aebd-00c2947fa4a5

2017-11-20 08:57:36.917  INFO 1947 --- [main] o.s.s.web.DefaultSecurityFilterChain     : Creating filter chain: OrRequestMatcher [requestMatchers=[Ant [pattern='/css/**'], Ant [pattern='/js/**'], Ant [pattern='/images/**'], Ant [pattern='/webjars/**'], Ant [pattern='/**/favicon.ico'], Ant [pattern='/error']]], []
2017-11-20 08:57:37.706  INFO 1947 --- [main] o.s.b.a.e.mvc.EndpointHandlerMapping     : Mapped "{[/archaius || /archaius.json],methods=[GET],produces=[application/vnd.spring-boot.actuator.v1+json || application/json]}" onto public java.lang.Object org.springframework.boot.actuate.endpoint.mvc.EndpointMvcAdapter.invoke()
2017-11-20 08:57:37.708  INFO 1947 --- [main] o.s.b.a.e.mvc.EndpointHandlerMapping     : Mapped "{[/beans || /beans.json],methods=[GET],produces=[application/vnd.spring-boot.actuator.v1+json || application/json]}" onto public java.lang.Object org.springframework.boot.actuate.endpoint.mvc.EndpointMvcAdapter.invoke()
2017-11-20 08:57:37.710  INFO 1947 --- [main] o.s.b.a.e.mvc.EndpointHandlerMapping     : Mapped "{[/env/{name:.*}],methods=[GET],produces=[application/vnd.spring-boot.actuator.v1+json || application/json]}" onto public java.lang.Object org.springframework.boot.actuate.endpoint.mvc.EnvironmentMvcEndpoint.value(java.lang.String)
2017-11-20 08:57:37.711  INFO 1947 --- [main] o.s.b.a.e.mvc.EndpointHandlerMapping     : Mapped "{[/env || /env.json],methods=[GET],produces=[application/vnd.spring-boot.actuator.v1+json || application/json]}" onto public java.lang.Object org.springframework.boot.actuate.endpoint.mvc.EndpointMvcAdapter.invoke()
2017-11-20 08:57:37.712  INFO 1947 --- [main] o.s.b.a.e.mvc.EndpointHandlerMapping     : Mapped "{[/env],methods=[POST]}" onto public java.lang.Object org.springframework.cloud.context.environment.EnvironmentManagerMvcEndpoint.value(java.util.Map<java.lang.String, java.lang.String>)
2017-11-20 08:57:37.712  INFO 1947 --- [main] o.s.b.a.e.mvc.EndpointHandlerMapping     : Mapped "{[/env/reset],methods=[POST]}" onto public java.util.Map<java.lang.String, java.lang.Object> org.springframework.cloud.context.environment.EnvironmentManagerMvcEndpoint.reset()
2017-11-20 08:57:37.713  INFO 1947 --- [main] o.s.b.a.e.mvc.EndpointHandlerMapping     : Mapped "{[/resume || /resume.json],methods=[POST]}" onto public java.lang.Object org.springframework.cloud.endpoint.GenericPostableMvcEndpoint.invoke()
2017-11-20 08:57:37.716  INFO 1947 --- [main] o.s.b.a.e.mvc.EndpointHandlerMapping     : Mapped "{[/loggers/{name:.*}],methods=[GET],produces=[application/vnd.spring-boot.actuator.v1+json || application/json]}" onto public java.lang.Object org.springframework.boot.actuate.endpoint.mvc.LoggersMvcEndpoint.get(java.lang.String)
2017-11-20 08:57:37.717  INFO 1947 --- [main] o.s.b.a.e.mvc.EndpointHandlerMapping     : Mapped "{[/loggers/{name:.*}],methods=[POST],consumes=[application/vnd.spring-boot.actuator.v1+json || application/json],produces=[application/vnd.spring-boot.actuator.v1+json || application/json]}" onto public java.lang.Object org.springframework.boot.actuate.endpoint.mvc.LoggersMvcEndpoint.set(java.lang.String,java.util.Map<java.lang.String, java.lang.String>)
2017-11-20 08:57:37.718  INFO 1947 --- [main] o.s.b.a.e.mvc.EndpointHandlerMapping     : Mapped "{[/loggers || /loggers.json],methods=[GET],produces=[application/vnd.spring-boot.actuator.v1+json || application/json]}" onto public java.lang.Object org.springframework.boot.actuate.endpoint.mvc.EndpointMvcAdapter.invoke()
2017-11-20 08:57:37.719  INFO 1947 --- [main] o.s.b.a.e.mvc.EndpointHandlerMapping     : Mapped "{[/health || /health.json],methods=[GET],produces=[application/vnd.spring-boot.actuator.v1+json || application/json]}" onto public java.lang.Object org.springframework.boot.actuate.endpoint.mvc.HealthMvcEndpoint.invoke(javax.servlet.http.HttpServletRequest,java.security.Principal)
2017-11-20 08:57:37.721  INFO 1947 --- [main] o.s.b.a.e.mvc.EndpointHandlerMapping     : Mapped "{[/auditevents || /auditevents.json],methods=[GET],produces=[application/vnd.spring-boot.actuator.v1+json || application/json]}" onto public org.springframework.http.ResponseEntity<?> org.springframework.boot.actuate.endpoint.mvc.AuditEventsMvcEndpoint.findByPrincipalAndAfterAndType(java.lang.String,java.util.Date,java.lang.String)
2017-11-20 08:57:37.725  INFO 1947 --- [main] o.s.b.a.e.mvc.EndpointHandlerMapping     : Mapped "{[/restart || /restart.json],methods=[POST]}" onto public java.lang.Object org.springframework.cloud.context.restart.RestartMvcEndpoint.invoke()
2017-11-20 08:57:37.727  INFO 1947 --- [main] o.s.b.a.e.mvc.EndpointHandlerMapping     : Mapped "{[/info || /info.json],methods=[GET],produces=[application/vnd.spring-boot.actuator.v1+json || application/json]}" onto public java.lang.Object org.springframework.boot.actuate.endpoint.mvc.EndpointMvcAdapter.invoke()
2017-11-20 08:57:37.729  INFO 1947 --- [main] o.s.b.a.e.mvc.EndpointHandlerMapping     : Mapped "{[/pause || /pause.json],methods=[POST]}" onto public java.lang.Object org.springframework.cloud.endpoint.GenericPostableMvcEndpoint.invoke()
2017-11-20 08:57:37.731  INFO 1947 --- [main] o.s.b.a.e.mvc.EndpointHandlerMapping     : Mapped "{[/heapdump || /heapdump.json],methods=[GET],produces=[application/octet-stream]}" onto public void org.springframework.boot.actuate.endpoint.mvc.HeapdumpMvcEndpoint.invoke(boolean,javax.servlet.http.HttpServletRequest,javax.servlet.http.HttpServletResponse) throws java.io.IOException,javax.servlet.ServletException
2017-11-20 08:57:37.732  INFO 1947 --- [main] o.s.b.a.e.mvc.EndpointHandlerMapping     : Mapped "{[/autoconfig || /autoconfig.json],methods=[GET],produces=[application/vnd.spring-boot.actuator.v1+json || application/json]}" onto public java.lang.Object org.springframework.boot.actuate.endpoint.mvc.EndpointMvcAdapter.invoke()
2017-11-20 08:57:37.734  INFO 1947 --- [main] o.s.b.a.e.mvc.EndpointHandlerMapping     : Mapped "{[/configprops || /configprops.json],methods=[GET],produces=[application/vnd.spring-boot.actuator.v1+json || application/json]}" onto public java.lang.Object org.springframework.boot.actuate.endpoint.mvc.EndpointMvcAdapter.invoke()
2017-11-20 08:57:37.736  INFO 1947 --- [main] o.s.b.a.e.mvc.EndpointHandlerMapping     : Mapped "{[/service-registry/instance-status],methods=[GET]}" onto public org.springframework.http.ResponseEntity org.springframework.cloud.client.serviceregistry.endpoint.ServiceRegistryEndpoint.getStatus()
2017-11-20 08:57:37.736  INFO 1947 --- [main] o.s.b.a.e.mvc.EndpointHandlerMapping     : Mapped "{[/service-registry/instance-status],methods=[POST]}" onto public org.springframework.http.ResponseEntity<?> org.springframework.cloud.client.serviceregistry.endpoint.ServiceRegistryEndpoint.setStatus(java.lang.String)
2017-11-20 08:57:37.738  INFO 1947 --- [main] o.s.b.a.e.mvc.EndpointHandlerMapping     : Mapped "{[/logfile || /logfile.json],methods=[GET || HEAD]}" onto public void org.springframework.boot.actuate.endpoint.mvc.LogFileMvcEndpoint.invoke(javax.servlet.http.HttpServletRequest,javax.servlet.http.HttpServletResponse) throws javax.servlet.ServletException,java.io.IOException
2017-11-20 08:57:37.739  INFO 1947 --- [main] o.s.b.a.e.mvc.EndpointHandlerMapping     : Mapped "{[/dump || /dump.json],methods=[GET],produces=[application/vnd.spring-boot.actuator.v1+json || application/json]}" onto public java.lang.Object org.springframework.boot.actuate.endpoint.mvc.EndpointMvcAdapter.invoke()
2017-11-20 08:57:37.740  INFO 1947 --- [main] o.s.b.a.e.mvc.EndpointHandlerMapping     : Mapped "{[/features || /features.json],methods=[GET],produces=[application/vnd.spring-boot.actuator.v1+json || application/json]}" onto public java.lang.Object org.springframework.boot.actuate.endpoint.mvc.EndpointMvcAdapter.invoke()
2017-11-20 08:57:37.741  INFO 1947 --- [main] o.s.b.a.e.mvc.EndpointHandlerMapping     : Mapped "{[/mappings || /mappings.json],methods=[GET],produces=[application/vnd.spring-boot.actuator.v1+json || application/json]}" onto public java.lang.Object org.springframework.boot.actuate.endpoint.mvc.EndpointMvcAdapter.invoke()
2017-11-20 08:57:37.743  INFO 1947 --- [main] o.s.b.a.e.mvc.EndpointHandlerMapping     : Mapped "{[/metrics/{name:.*}],methods=[GET],produces=[application/vnd.spring-boot.actuator.v1+json || application/json]}" onto public java.lang.Object org.springframework.boot.actuate.endpoint.mvc.MetricsMvcEndpoint.value(java.lang.String)
2017-11-20 08:57:37.744  INFO 1947 --- [main] o.s.b.a.e.mvc.EndpointHandlerMapping     : Mapped "{[/metrics || /metrics.json],methods=[GET],produces=[application/vnd.spring-boot.actuator.v1+json || application/json]}" onto public java.lang.Object org.springframework.boot.actuate.endpoint.mvc.EndpointMvcAdapter.invoke()
2017-11-20 08:57:37.745  INFO 1947 --- [main] o.s.b.a.e.mvc.EndpointHandlerMapping     : Mapped "{[/trace || /trace.json],methods=[GET],produces=[application/vnd.spring-boot.actuator.v1+json || application/json]}" onto public java.lang.Object org.springframework.boot.actuate.endpoint.mvc.EndpointMvcAdapter.invoke()
2017-11-20 08:57:37.746  INFO 1947 --- [main] o.s.b.a.e.mvc.EndpointHandlerMapping     : Mapped "{[/refresh || /refresh.json],methods=[POST]}" onto public java.lang.Object org.springframework.cloud.endpoint.GenericPostableMvcEndpoint.invoke()
2017-11-20 08:57:37.748  INFO 1947 --- [main] o.s.s.web.DefaultSecurityFilterChain     : Creating filter chain: org.springframework.boot.actuate.autoconfigure.ManagementWebSecurityAutoConfiguration$LazyEndpointPathRequestMatcher@645c9f0f, [org.springframework.security.web.context.request.async.WebAsyncManagerIntegrationFilter@58068b40, org.springframework.security.web.context.SecurityContextPersistenceFilter@68f69ca3, org.springframework.security.web.header.HeaderWriterFilter@26bce60d, org.springframework.web.filter.CorsFilter@999cd18, org.springframework.security.web.authentication.logout.LogoutFilter@7a34c1f6, org.springframework.security.web.authentication.www.BasicAuthenticationFilter@299786b1, org.springframework.security.web.savedrequest.RequestCacheAwareFilter@2b058bfd, org.springframework.security.web.servletapi.SecurityContextHolderAwareRequestFilter@476c137b, org.springframework.security.web.authentication.AnonymousAuthenticationFilter@dd060be, org.springframework.security.web.session.SessionManagementFilter@72237be8, org.springframework.security.web.access.ExceptionTranslationFilter@74bfdd66, org.springframework.security.web.access.intercept.FilterSecurityInterceptor@66944c7c]
2017-11-20 08:57:37.756  INFO 1947 --- [main] o.s.s.web.DefaultSecurityFilterChain     : Creating filter chain: OrRequestMatcher [requestMatchers=[Ant [pattern='/**']]], [org.springframework.security.web.context.request.async.WebAsyncManagerIntegrationFilter@5b715ea, org.springframework.security.web.context.SecurityContextPersistenceFilter@62f37bfd, org.springframework.security.web.header.HeaderWriterFilter@16c0be3b, org.springframework.security.web.authentication.logout.LogoutFilter@5c930fc3, org.springframework.security.web.authentication.www.BasicAuthenticationFilter@25c6ab3f, org.springframework.security.web.savedrequest.RequestCacheAwareFilter@1818d00b, org.springframework.security.web.servletapi.SecurityContextHolderAwareRequestFilter@b3a8455, org.springframework.security.web.authentication.AnonymousAuthenticationFilter@787a0fd6, org.springframework.security.web.session.SessionManagementFilter@219edc05, org.springframework.security.web.access.ExceptionTranslationFilter@74a1d60e, org.springframework.security.web.access.intercept.FilterSecurityInterceptor@1618c98a]
2017-11-20 08:57:38.567  INFO 1947 --- [main] o.s.j.e.a.AnnotationMBeanExporter        : Registering beans for JMX exposure on startup
2017-11-20 08:57:38.578  INFO 1947 --- [main] o.s.j.e.a.AnnotationMBeanExporter        : Bean with name 'environmentManager' has been autodetected for JMX exposure
2017-11-20 08:57:38.584  INFO 1947 --- [main] o.s.j.e.a.AnnotationMBeanExporter        : Bean with name 'configurationPropertiesRebinder' has been autodetected for JMX exposure
2017-11-20 08:57:38.585  INFO 1947 --- [main] o.s.j.e.a.AnnotationMBeanExporter        : Bean with name 'refreshEndpoint' has been autodetected for JMX exposure
2017-11-20 08:57:38.586  INFO 1947 --- [main] o.s.j.e.a.AnnotationMBeanExporter        : Bean with name 'restartEndpoint' has been autodetected for JMX exposure
2017-11-20 08:57:38.587  INFO 1947 --- [main] o.s.j.e.a.AnnotationMBeanExporter        : Bean with name 'serviceRegistryEndpoint' has been autodetected for JMX exposure
2017-11-20 08:57:38.588  INFO 1947 --- [main] o.s.j.e.a.AnnotationMBeanExporter        : Bean with name 'refreshScope' has been autodetected for JMX exposure
2017-11-20 08:57:38.591  INFO 1947 --- [main] o.s.j.e.a.AnnotationMBeanExporter        : Located managed bean 'environmentManager': registering with JMX server as MBean [org.springframework.cloud.context.environment:name=environmentManager,type=EnvironmentManager]
2017-11-20 08:57:38.604  INFO 1947 --- [main] o.s.j.e.a.AnnotationMBeanExporter        : Located managed bean 'restartEndpoint': registering with JMX server as MBean [org.springframework.cloud.context.restart:name=restartEndpoint,type=RestartEndpoint]
2017-11-20 08:57:38.614  INFO 1947 --- [main] o.s.j.e.a.AnnotationMBeanExporter        : Located managed bean 'serviceRegistryEndpoint': registering with JMX server as MBean [org.springframework.cloud.client.serviceregistry.endpoint:name=serviceRegistryEndpoint,type=ServiceRegistryEndpoint]
2017-11-20 08:57:38.621  INFO 1947 --- [main] o.s.j.e.a.AnnotationMBeanExporter        : Located managed bean 'refreshScope': registering with JMX server as MBean [org.springframework.cloud.context.scope.refresh:name=refreshScope,type=RefreshScope]
2017-11-20 08:57:38.630  INFO 1947 --- [main] o.s.j.e.a.AnnotationMBeanExporter        : Located managed bean 'configurationPropertiesRebinder': registering with JMX server as MBean [org.springframework.cloud.context.properties:name=configurationPropertiesRebinder,context=4d18aa28,type=ConfigurationPropertiesRebinder]
2017-11-20 08:57:38.636  INFO 1947 --- [main] o.s.j.e.a.AnnotationMBeanExporter        : Located managed bean 'refreshEndpoint': registering with JMX server as MBean [org.springframework.cloud.endpoint:name=refreshEndpoint,type=RefreshEndpoint]
2017-11-20 08:57:38.959  INFO 1947 --- [main] o.s.c.support.DefaultLifecycleProcessor  : Starting beans in phase 0
2017-11-20 08:57:39.147  INFO 1947 --- [main] s.b.c.e.t.TomcatEmbeddedServletContainer : Tomcat started on port(s): 52437 (http)
2017-11-20 08:57:39.148  INFO 1947 --- [main] .s.c.n.e.s.EurekaAutoServiceRegistration : Updating port to 52437
2017-11-20 08:57:39.159  INFO 1947 --- [main] o.s.c.n.eureka.InstanceInfoFactory       : Setting initial instance status as: STARTING
2017-11-20 08:57:39.222  INFO 1947 --- [main] com.netflix.discovery.DiscoveryClient    : Initializing Eureka in region us-east-1
2017-11-20 08:57:39.481  INFO 1947 --- [main] c.n.d.provider.DiscoveryJerseyProvider   : Using JSON encoding codec LegacyJacksonJson
2017-11-20 08:57:39.481  INFO 1947 --- [main] c.n.d.provider.DiscoveryJerseyProvider   : Using JSON decoding codec LegacyJacksonJson
2017-11-20 08:57:39.581  INFO 1947 --- [main] c.n.d.provider.DiscoveryJerseyProvider   : Using XML encoding codec XStreamXml
2017-11-20 08:57:39.581  INFO 1947 --- [main] c.n.d.provider.DiscoveryJerseyProvider   : Using XML decoding codec XStreamXml
2017-11-20 08:57:39.800  INFO 1947 --- [main] c.n.d.s.r.aws.ConfigClusterResolver      : Resolving eureka endpoints via configuration
2017-11-20 08:57:39.816  INFO 1947 --- [main] com.netflix.discovery.DiscoveryClient    : Disable delta property : false
2017-11-20 08:57:39.816  INFO 1947 --- [main] com.netflix.discovery.DiscoveryClient    : Single vip registry refresh property : null
2017-11-20 08:57:39.816  INFO 1947 --- [main] com.netflix.discovery.DiscoveryClient    : Force full registry fetch : false
2017-11-20 08:57:39.816  INFO 1947 --- [main] com.netflix.discovery.DiscoveryClient    : Application is null : false
2017-11-20 08:57:39.817  INFO 1947 --- [main] com.netflix.discovery.DiscoveryClient    : Registered Applications size is zero : true
2017-11-20 08:57:39.817  INFO 1947 --- [main] com.netflix.discovery.DiscoveryClient    : Application version is -1: true
2017-11-20 08:57:39.817  INFO 1947 --- [main] com.netflix.discovery.DiscoveryClient    : Getting all instance registry info from the eureka server
2017-11-20 08:57:39.940  INFO 1947 --- [main] com.netflix.discovery.DiscoveryClient    : The response status is 200
2017-11-20 08:57:39.941  INFO 1947 --- [main] com.netflix.discovery.DiscoveryClient    : Starting heartbeat executor: renew interval is: 30
2017-11-20 08:57:39.944  INFO 1947 --- [main] c.n.discovery.InstanceInfoReplicator     : InstanceInfoReplicator onDemand update allowed rate per min is 4
2017-11-20 08:57:39.948  INFO 1947 --- [main] com.netflix.discovery.DiscoveryClient    : Discovery Client initialized at timestamp 1511186259948 with initial instances count: 2
2017-11-20 08:57:39.977  INFO 1947 --- [main] o.s.c.n.e.s.EurekaServiceRegistry        : Registering application burndown with eureka with status UP
2017-11-20 08:57:39.979  INFO 1947 --- [main] com.netflix.discovery.DiscoveryClient    : Saw local status change event StatusChangeEvent [timestamp=1511186259979, current=UP, previous=STARTING]
2017-11-20 08:57:39.980  INFO 1947 --- [DiscoveryClient-InstanceInfoReplicator-0] com.netflix.discovery.DiscoveryClient    : DiscoveryClient_BURNDOWN/usf-gold-wifi-226-61-181.laptops.usf.edu:burndown:0: registering service...
2017-11-20 08:57:39.990  INFO 1947 --- [main] .TrelloV2BurndownChartServiceApplication : Started TrelloV2BurndownChartServiceApplication in 14.142 seconds (JVM running for 15.938)
2017-11-20 08:57:40.019  INFO 1947 --- [DiscoveryClient-InstanceInfoReplicator-0] com.netflix.discovery.DiscoveryClient    : DiscoveryClient_BURNDOWN/usf-gold-wifi-226-61-181.laptops.usf.edu:burndown:0 - registration status: 204
2017-11-20 09:00:18.154  INFO 1947 --- [http-nio-auto-1-exec-1] o.a.c.c.C.[Tomcat].[localhost].[/]       : Initializing Spring FrameworkServlet 'dispatcherServlet'
2017-11-20 09:00:18.154  INFO 1947 --- [http-nio-auto-1-exec-1] o.s.web.servlet.DispatcherServlet        : FrameworkServlet 'dispatcherServlet': initialization started
2017-11-20 09:00:18.183  INFO 1947 --- [http-nio-auto-1-exec-1] o.s.web.servlet.DispatcherServlet        : FrameworkServlet 'dispatcherServlet': initialization completed in 29 ms
2017-11-20 09:02:39.809  INFO 1947 --- [AsyncResolver-bootstrap-executor-0] c.n.d.s.r.aws.ConfigClusterResolver      : Resolving eureka endpoints via configuration
2017-11-20 09:05:06.308  INFO 1947 --- [RMI TCP Connection(17)-127.0.0.1] inMXBeanRegistrar$SpringApplicationAdmin : Application shutdown requested.
2017-11-20 09:05:06.308  INFO 1947 --- [RMI TCP Connection(17)-127.0.0.1] ationConfigEmbeddedWebApplicationContext : Closing org.springframework.boot.context.embedded.AnnotationConfigEmbeddedWebApplicationContext@4d18aa28: startup date [Mon Nov 20 08:57:28 EST 2017]; parent: org.springframework.context.annotation.AnnotationConfigApplicationContext@6ff29830
2017-11-20 09:05:06.309  INFO 1947 --- [RMI TCP Connection(17)-127.0.0.1] o.s.c.n.e.s.EurekaServiceRegistry        : Unregistering application burndown with eureka with status DOWN
2017-11-20 09:05:06.309  WARN 1947 --- [RMI TCP Connection(17)-127.0.0.1] com.netflix.discovery.DiscoveryClient    : Saw local status change event StatusChangeEvent [timestamp=1511186706309, current=DOWN, previous=UP]
2017-11-20 09:05:06.310  INFO 1947 --- [DiscoveryClient-InstanceInfoReplicator-0] com.netflix.discovery.DiscoveryClient    : DiscoveryClient_BURNDOWN/usf-gold-wifi-226-61-181.laptops.usf.edu:burndown:0: registering service...
2017-11-20 09:05:06.310  INFO 1947 --- [RMI TCP Connection(17)-127.0.0.1] com.netflix.discovery.DiscoveryClient    : Shutting down DiscoveryClient ...
2017-11-20 09:05:06.310  INFO 1947 --- [RMI TCP Connection(17)-127.0.0.1] com.netflix.discovery.DiscoveryClient    : Unregistering ...
2017-11-20 09:05:06.317  INFO 1947 --- [DiscoveryClient-InstanceInfoReplicator-0] com.netflix.discovery.DiscoveryClient    : DiscoveryClient_BURNDOWN/usf-gold-wifi-226-61-181.laptops.usf.edu:burndown:0 - registration status: 204
2017-11-20 09:05:06.321  INFO 1947 --- [RMI TCP Connection(17)-127.0.0.1] com.netflix.discovery.DiscoveryClient    : DiscoveryClient_BURNDOWN/usf-gold-wifi-226-61-181.laptops.usf.edu:burndown:0 - deregister  status: 200
2017-11-20 09:05:06.326  INFO 1947 --- [RMI TCP Connection(17)-127.0.0.1] com.netflix.discovery.DiscoveryClient    : Completed shut down of DiscoveryClient
2017-11-20 09:05:06.328  INFO 1947 --- [RMI TCP Connection(17)-127.0.0.1] o.s.c.support.DefaultLifecycleProcessor  : Stopping beans in phase 0
2017-11-20 09:05:06.330  INFO 1947 --- [RMI TCP Connection(17)-127.0.0.1] o.s.j.e.a.AnnotationMBeanExporter        : Unregistering JMX-exposed beans on shutdown
2017-11-20 09:05:06.330  INFO 1947 --- [RMI TCP Connection(17)-127.0.0.1] o.s.j.e.a.AnnotationMBeanExporter        : Unregistering JMX-exposed beans
2017-11-20 09:05:06.335  INFO 1947 --- [RMI TCP Connection(17)-127.0.0.1] j.LocalContainerEntityManagerFactoryBean : Closing JPA EntityManagerFactory for persistence unit 'default'
2017-11-20 09:05:06.494  INFO 1947 --- [RMI TCP Connection(17)-127.0.0.1] o.apache.catalina.core.StandardService   : Stopping service [Tomcat]
2017-11-20 09:05:06.498  INFO 1947 --- [localhost-startStop-2] o.a.c.c.C.[Tomcat].[localhost].[/]       : Destroying Spring FrameworkServlet 'dispatcherServlet'
2017-11-20 09:32:59.163  INFO 4137 --- [main] c.c.c.ConfigServicePropertySourceLocator : Fetching config from server at: http://localhost:8888
2017-11-20 09:32:59.815  WARN 4137 --- [main] c.c.c.ConfigServicePropertySourceLocator : Could not locate PropertySource: label not found
2017-11-20 09:32:59.817  INFO 4137 --- [main] .TrelloV2BurndownChartServiceApplication : No active profile set, falling back to default profiles: default
2017-11-20 09:32:59.893  INFO 4137 --- [main] ationConfigEmbeddedWebApplicationContext : Refreshing org.springframework.boot.context.embedded.AnnotationConfigEmbeddedWebApplicationContext@5dd91bca: startup date [Mon Nov 20 09:32:59 EST 2017]; parent: org.springframework.context.annotation.AnnotationConfigApplicationContext@15ca7889
2017-11-20 09:33:05.104  INFO 4137 --- [main] o.s.cloud.context.scope.GenericScope     : BeanFactory id=24b39fc6-4e1d-3439-9b4c-f03f4c82c3ff
2017-11-20 09:33:05.268  INFO 4137 --- [main] f.a.AutowiredAnnotationBeanPostProcessor : JSR-330 'javax.inject.Inject' annotation found and supported for autowiring
2017-11-20 09:33:06.122  INFO 4137 --- [main] trationDelegate$BeanPostProcessorChecker : Bean 'org.springframework.transaction.annotation.ProxyTransactionManagementConfiguration' of type [org.springframework.transaction.annotation.ProxyTransactionManagementConfiguration$$EnhancerBySpringCGLIB$$334f5a9b] is not eligible for getting processed by all BeanPostProcessors (for example: not eligible for auto-proxying)
2017-11-20 09:33:06.612  INFO 4137 --- [main] trationDelegate$BeanPostProcessorChecker : Bean 'org.springframework.cloud.netflix.metrics.MetricsInterceptorConfiguration$MetricsRestTemplateConfiguration' of type [org.springframework.cloud.netflix.metrics.MetricsInterceptorConfiguration$MetricsRestTemplateConfiguration$$EnhancerBySpringCGLIB$$657c00dc] is not eligible for getting processed by all BeanPostProcessors (for example: not eligible for auto-proxying)
2017-11-20 09:33:06.671  INFO 4137 --- [main] trationDelegate$BeanPostProcessorChecker : Bean 'org.springframework.cloud.autoconfigure.ConfigurationPropertiesRebinderAutoConfiguration' of type [org.springframework.cloud.autoconfigure.ConfigurationPropertiesRebinderAutoConfiguration$$EnhancerBySpringCGLIB$$4f695d98] is not eligible for getting processed by all BeanPostProcessors (for example: not eligible for auto-proxying)
2017-11-20 09:33:08.304  INFO 4137 --- [main] s.b.c.e.t.TomcatEmbeddedServletContainer : Tomcat initialized with port(s): 0 (http)
2017-11-20 09:33:08.324  INFO 4137 --- [main] o.apache.catalina.core.StandardService   : Starting service [Tomcat]
2017-11-20 09:33:08.327  INFO 4137 --- [main] org.apache.catalina.core.StandardEngine  : Starting Servlet Engine: Apache Tomcat/8.5.23
2017-11-20 09:33:08.737  INFO 4137 --- [localhost-startStop-1] o.a.c.c.C.[Tomcat].[localhost].[/]       : Initializing Spring embedded WebApplicationContext
2017-11-20 09:33:08.740  INFO 4137 --- [localhost-startStop-1] o.s.web.context.ContextLoader            : Root WebApplicationContext: initialization completed in 8846 ms
2017-11-20 09:33:10.347  INFO 4137 --- [localhost-startStop-1] o.s.b.w.servlet.ServletRegistrationBean  : Mapping servlet: 'dispatcherServlet' to [/]
2017-11-20 09:33:10.358  INFO 4137 --- [localhost-startStop-1] o.s.b.w.servlet.FilterRegistrationBean   : Mapping filter: 'metricsFilter' to: [/*]
2017-11-20 09:33:10.359  INFO 4137 --- [localhost-startStop-1] o.s.b.w.servlet.FilterRegistrationBean   : Mapping filter: 'characterEncodingFilter' to: [/*]
2017-11-20 09:33:10.360  INFO 4137 --- [localhost-startStop-1] o.s.b.w.servlet.FilterRegistrationBean   : Mapping filter: 'hiddenHttpMethodFilter' to: [/*]
2017-11-20 09:33:10.360  INFO 4137 --- [localhost-startStop-1] o.s.b.w.servlet.FilterRegistrationBean   : Mapping filter: 'httpPutFormContentFilter' to: [/*]
2017-11-20 09:33:10.360  INFO 4137 --- [localhost-startStop-1] o.s.b.w.servlet.FilterRegistrationBean   : Mapping filter: 'requestContextFilter' to: [/*]
2017-11-20 09:33:10.361  INFO 4137 --- [localhost-startStop-1] o.s.b.w.servlet.FilterRegistrationBean   : Mapping filter: 'webRequestLoggingFilter' to: [/*]
2017-11-20 09:33:10.361  INFO 4137 --- [localhost-startStop-1] o.s.b.w.servlet.FilterRegistrationBean   : Mapping filter: 'applicationContextIdFilter' to: [/*]
2017-11-20 09:33:12.806  INFO 4137 --- [main] j.LocalContainerEntityManagerFactoryBean : Building JPA container EntityManagerFactory for persistence unit 'default'
2017-11-20 09:33:16.499  INFO 4137 --- [main] j.LocalContainerEntityManagerFactoryBean : Initialized JPA EntityManagerFactory for persistence unit 'default'
2017-11-20 09:33:19.564  WARN 4137 --- [main] c.n.c.sources.URLConfigurationSource     : No URLs will be polled as dynamic configuration sources.
2017-11-20 09:33:19.564  INFO 4137 --- [main] c.n.c.sources.URLConfigurationSource     : To enable URLs as dynamic configuration sources, define System property archaius.configurationSource.additionalUrls or make config.properties available on classpath.
2017-11-20 09:33:19.572  WARN 4137 --- [main] c.n.c.sources.URLConfigurationSource     : No URLs will be polled as dynamic configuration sources.
2017-11-20 09:33:19.572  INFO 4137 --- [main] c.n.c.sources.URLConfigurationSource     : To enable URLs as dynamic configuration sources, define System property archaius.configurationSource.additionalUrls or make config.properties available on classpath.
2017-11-20 09:33:21.376  INFO 4137 --- [main] s.w.s.m.m.a.RequestMappingHandlerAdapter : Looking for @ControllerAdvice: org.springframework.boot.context.embedded.AnnotationConfigEmbeddedWebApplicationContext@5dd91bca: startup date [Mon Nov 20 09:32:59 EST 2017]; parent: org.springframework.context.annotation.AnnotationConfigApplicationContext@15ca7889
2017-11-20 09:33:22.050  INFO 4137 --- [main] s.w.s.m.m.a.RequestMappingHandlerMapping : Mapped "{[/data]}" onto public org.springframework.http.ResponseEntity<java.util.ArrayList<com.revature.burndown.bean.Chart>> com.revature.burndown.controller.ChartData.authenticateFaceuser()
2017-11-20 09:33:22.061  INFO 4137 --- [main] s.w.s.m.m.a.RequestMappingHandlerMapping : Mapped "{[/error]}" onto public org.springframework.http.ResponseEntity<java.util.Map<java.lang.String, java.lang.Object>> org.springframework.boot.autoconfigure.web.BasicErrorController.error(javax.servlet.http.HttpServletRequest)
2017-11-20 09:33:22.066  INFO 4137 --- [main] s.w.s.m.m.a.RequestMappingHandlerMapping : Mapped "{[/error],produces=[text/html]}" onto public org.springframework.web.servlet.ModelAndView org.springframework.boot.autoconfigure.web.BasicErrorController.errorHtml(javax.servlet.http.HttpServletRequest,javax.servlet.http.HttpServletResponse)
2017-11-20 09:33:22.309  INFO 4137 --- [main] o.s.w.s.handler.SimpleUrlHandlerMapping  : Mapped URL path [/webjars/**] onto handler of type [class org.springframework.web.servlet.resource.ResourceHttpRequestHandler]
2017-11-20 09:33:22.309  INFO 4137 --- [main] o.s.w.s.handler.SimpleUrlHandlerMapping  : Mapped URL path [/**] onto handler of type [class org.springframework.web.servlet.resource.ResourceHttpRequestHandler]
2017-11-20 09:33:22.534  INFO 4137 --- [main] o.s.w.s.handler.SimpleUrlHandlerMapping  : Mapped URL path [/**/favicon.ico] onto handler of type [class org.springframework.web.servlet.resource.ResourceHttpRequestHandler]
2017-11-20 09:33:27.071  INFO 4137 --- [main] o.s.b.a.e.mvc.EndpointHandlerMapping     : Mapped "{[/env/{name:.*}],methods=[GET],produces=[application/vnd.spring-boot.actuator.v1+json || application/json]}" onto public java.lang.Object org.springframework.boot.actuate.endpoint.mvc.EnvironmentMvcEndpoint.value(java.lang.String)
2017-11-20 09:33:27.080  INFO 4137 --- [main] o.s.b.a.e.mvc.EndpointHandlerMapping     : Mapped "{[/env || /env.json],methods=[GET],produces=[application/vnd.spring-boot.actuator.v1+json || application/json]}" onto public java.lang.Object org.springframework.boot.actuate.endpoint.mvc.EndpointMvcAdapter.invoke()
2017-11-20 09:33:27.081  INFO 4137 --- [main] o.s.b.a.e.mvc.EndpointHandlerMapping     : Mapped "{[/heapdump || /heapdump.json],methods=[GET],produces=[application/octet-stream]}" onto public void org.springframework.boot.actuate.endpoint.mvc.HeapdumpMvcEndpoint.invoke(boolean,javax.servlet.http.HttpServletRequest,javax.servlet.http.HttpServletResponse) throws java.io.IOException,javax.servlet.ServletException
2017-11-20 09:33:27.083  INFO 4137 --- [main] o.s.b.a.e.mvc.EndpointHandlerMapping     : Mapped "{[/health || /health.json],methods=[GET],produces=[application/vnd.spring-boot.actuator.v1+json || application/json]}" onto public java.lang.Object org.springframework.boot.actuate.endpoint.mvc.HealthMvcEndpoint.invoke(javax.servlet.http.HttpServletRequest,java.security.Principal)
2017-11-20 09:33:27.084  INFO 4137 --- [main] o.s.b.a.e.mvc.EndpointHandlerMapping     : Mapped "{[/refresh || /refresh.json],methods=[POST]}" onto public java.lang.Object org.springframework.cloud.endpoint.GenericPostableMvcEndpoint.invoke()
2017-11-20 09:33:27.086  INFO 4137 --- [main] o.s.b.a.e.mvc.EndpointHandlerMapping     : Mapped "{[/restart || /restart.json],methods=[POST]}" onto public java.lang.Object org.springframework.cloud.context.restart.RestartMvcEndpoint.invoke()
2017-11-20 09:33:27.087  INFO 4137 --- [main] o.s.b.a.e.mvc.EndpointHandlerMapping     : Mapped "{[/trace || /trace.json],methods=[GET],produces=[application/vnd.spring-boot.actuator.v1+json || application/json]}" onto public java.lang.Object org.springframework.boot.actuate.endpoint.mvc.EndpointMvcAdapter.invoke()
2017-11-20 09:33:27.088  INFO 4137 --- [main] o.s.b.a.e.mvc.EndpointHandlerMapping     : Mapped "{[/metrics/{name:.*}],methods=[GET],produces=[application/vnd.spring-boot.actuator.v1+json || application/json]}" onto public java.lang.Object org.springframework.boot.actuate.endpoint.mvc.MetricsMvcEndpoint.value(java.lang.String)
2017-11-20 09:33:27.089  INFO 4137 --- [main] o.s.b.a.e.mvc.EndpointHandlerMapping     : Mapped "{[/metrics || /metrics.json],methods=[GET],produces=[application/vnd.spring-boot.actuator.v1+json || application/json]}" onto public java.lang.Object org.springframework.boot.actuate.endpoint.mvc.EndpointMvcAdapter.invoke()
2017-11-20 09:33:27.090  INFO 4137 --- [main] o.s.b.a.e.mvc.EndpointHandlerMapping     : Mapped "{[/beans || /beans.json],methods=[GET],produces=[application/vnd.spring-boot.actuator.v1+json || application/json]}" onto public java.lang.Object org.springframework.boot.actuate.endpoint.mvc.EndpointMvcAdapter.invoke()
2017-11-20 09:33:27.100  INFO 4137 --- [main] o.s.b.a.e.mvc.EndpointHandlerMapping     : Mapped "{[/info || /info.json],methods=[GET],produces=[application/vnd.spring-boot.actuator.v1+json || application/json]}" onto public java.lang.Object org.springframework.boot.actuate.endpoint.mvc.EndpointMvcAdapter.invoke()
2017-11-20 09:33:27.104  INFO 4137 --- [main] o.s.b.a.e.mvc.EndpointHandlerMapping     : Mapped "{[/archaius || /archaius.json],methods=[GET],produces=[application/vnd.spring-boot.actuator.v1+json || application/json]}" onto public java.lang.Object org.springframework.boot.actuate.endpoint.mvc.EndpointMvcAdapter.invoke()
2017-11-20 09:33:27.106  INFO 4137 --- [main] o.s.b.a.e.mvc.EndpointHandlerMapping     : Mapped "{[/pause || /pause.json],methods=[POST]}" onto public java.lang.Object org.springframework.cloud.endpoint.GenericPostableMvcEndpoint.invoke()
2017-11-20 09:33:27.108  INFO 4137 --- [main] o.s.b.a.e.mvc.EndpointHandlerMapping     : Mapped "{[/auditevents || /auditevents.json],methods=[GET],produces=[application/vnd.spring-boot.actuator.v1+json || application/json]}" onto public org.springframework.http.ResponseEntity<?> org.springframework.boot.actuate.endpoint.mvc.AuditEventsMvcEndpoint.findByPrincipalAndAfterAndType(java.lang.String,java.util.Date,java.lang.String)
2017-11-20 09:33:27.110  INFO 4137 --- [main] o.s.b.a.e.mvc.EndpointHandlerMapping     : Mapped "{[/service-registry/instance-status],methods=[GET]}" onto public org.springframework.http.ResponseEntity org.springframework.cloud.client.serviceregistry.endpoint.ServiceRegistryEndpoint.getStatus()
2017-11-20 09:33:27.113  INFO 4137 --- [main] o.s.b.a.e.mvc.EndpointHandlerMapping     : Mapped "{[/service-registry/instance-status],methods=[POST]}" onto public org.springframework.http.ResponseEntity<?> org.springframework.cloud.client.serviceregistry.endpoint.ServiceRegistryEndpoint.setStatus(java.lang.String)
2017-11-20 09:33:27.121  INFO 4137 --- [main] o.s.b.a.e.mvc.EndpointHandlerMapping     : Mapped "{[/loggers/{name:.*}],methods=[GET],produces=[application/vnd.spring-boot.actuator.v1+json || application/json]}" onto public java.lang.Object org.springframework.boot.actuate.endpoint.mvc.LoggersMvcEndpoint.get(java.lang.String)
2017-11-20 09:33:27.122  INFO 4137 --- [main] o.s.b.a.e.mvc.EndpointHandlerMapping     : Mapped "{[/loggers/{name:.*}],methods=[POST],consumes=[application/vnd.spring-boot.actuator.v1+json || application/json],produces=[application/vnd.spring-boot.actuator.v1+json || application/json]}" onto public java.lang.Object org.springframework.boot.actuate.endpoint.mvc.LoggersMvcEndpoint.set(java.lang.String,java.util.Map<java.lang.String, java.lang.String>)
2017-11-20 09:33:27.123  INFO 4137 --- [main] o.s.b.a.e.mvc.EndpointHandlerMapping     : Mapped "{[/loggers || /loggers.json],methods=[GET],produces=[application/vnd.spring-boot.actuator.v1+json || application/json]}" onto public java.lang.Object org.springframework.boot.actuate.endpoint.mvc.EndpointMvcAdapter.invoke()
2017-11-20 09:33:27.129  INFO 4137 --- [main] o.s.b.a.e.mvc.EndpointHandlerMapping     : Mapped "{[/features || /features.json],methods=[GET],produces=[application/vnd.spring-boot.actuator.v1+json || application/json]}" onto public java.lang.Object org.springframework.boot.actuate.endpoint.mvc.EndpointMvcAdapter.invoke()
2017-11-20 09:33:27.131  INFO 4137 --- [main] o.s.b.a.e.mvc.EndpointHandlerMapping     : Mapped "{[/mappings || /mappings.json],methods=[GET],produces=[application/vnd.spring-boot.actuator.v1+json || application/json]}" onto public java.lang.Object org.springframework.boot.actuate.endpoint.mvc.EndpointMvcAdapter.invoke()
2017-11-20 09:33:27.135  INFO 4137 --- [main] o.s.b.a.e.mvc.EndpointHandlerMapping     : Mapped "{[/dump || /dump.json],methods=[GET],produces=[application/vnd.spring-boot.actuator.v1+json || application/json]}" onto public java.lang.Object org.springframework.boot.actuate.endpoint.mvc.EndpointMvcAdapter.invoke()
2017-11-20 09:33:27.138  INFO 4137 --- [main] o.s.b.a.e.mvc.EndpointHandlerMapping     : Mapped "{[/env],methods=[POST]}" onto public java.lang.Object org.springframework.cloud.context.environment.EnvironmentManagerMvcEndpoint.value(java.util.Map<java.lang.String, java.lang.String>)
2017-11-20 09:33:27.139  INFO 4137 --- [main] o.s.b.a.e.mvc.EndpointHandlerMapping     : Mapped "{[/env/reset],methods=[POST]}" onto public java.util.Map<java.lang.String, java.lang.Object> org.springframework.cloud.context.environment.EnvironmentManagerMvcEndpoint.reset()
2017-11-20 09:33:27.140  INFO 4137 --- [main] o.s.b.a.e.mvc.EndpointHandlerMapping     : Mapped "{[/autoconfig || /autoconfig.json],methods=[GET],produces=[application/vnd.spring-boot.actuator.v1+json || application/json]}" onto public java.lang.Object org.springframework.boot.actuate.endpoint.mvc.EndpointMvcAdapter.invoke()
2017-11-20 09:33:27.141  INFO 4137 --- [main] o.s.b.a.e.mvc.EndpointHandlerMapping     : Mapped "{[/resume || /resume.json],methods=[POST]}" onto public java.lang.Object org.springframework.cloud.endpoint.GenericPostableMvcEndpoint.invoke()
2017-11-20 09:33:27.144  INFO 4137 --- [main] o.s.b.a.e.mvc.EndpointHandlerMapping     : Mapped "{[/logfile || /logfile.json],methods=[GET || HEAD]}" onto public void org.springframework.boot.actuate.endpoint.mvc.LogFileMvcEndpoint.invoke(javax.servlet.http.HttpServletRequest,javax.servlet.http.HttpServletResponse) throws javax.servlet.ServletException,java.io.IOException
2017-11-20 09:33:27.145  INFO 4137 --- [main] o.s.b.a.e.mvc.EndpointHandlerMapping     : Mapped "{[/configprops || /configprops.json],methods=[GET],produces=[application/vnd.spring-boot.actuator.v1+json || application/json]}" onto public java.lang.Object org.springframework.boot.actuate.endpoint.mvc.EndpointMvcAdapter.invoke()
2017-11-20 09:33:28.918  INFO 4137 --- [main] o.s.j.e.a.AnnotationMBeanExporter        : Registering beans for JMX exposure on startup
2017-11-20 09:33:29.056  INFO 4137 --- [main] o.s.j.e.a.AnnotationMBeanExporter        : Bean with name 'environmentManager' has been autodetected for JMX exposure
2017-11-20 09:33:29.064  INFO 4137 --- [main] o.s.j.e.a.AnnotationMBeanExporter        : Bean with name 'configurationPropertiesRebinder' has been autodetected for JMX exposure
2017-11-20 09:33:29.065  INFO 4137 --- [main] o.s.j.e.a.AnnotationMBeanExporter        : Bean with name 'refreshEndpoint' has been autodetected for JMX exposure
2017-11-20 09:33:29.066  INFO 4137 --- [main] o.s.j.e.a.AnnotationMBeanExporter        : Bean with name 'restartEndpoint' has been autodetected for JMX exposure
2017-11-20 09:33:29.068  INFO 4137 --- [main] o.s.j.e.a.AnnotationMBeanExporter        : Bean with name 'serviceRegistryEndpoint' has been autodetected for JMX exposure
2017-11-20 09:33:29.069  INFO 4137 --- [main] o.s.j.e.a.AnnotationMBeanExporter        : Bean with name 'refreshScope' has been autodetected for JMX exposure
2017-11-20 09:33:29.073  INFO 4137 --- [main] o.s.j.e.a.AnnotationMBeanExporter        : Located managed bean 'environmentManager': registering with JMX server as MBean [org.springframework.cloud.context.environment:name=environmentManager,type=EnvironmentManager]
2017-11-20 09:33:29.148  INFO 4137 --- [main] o.s.j.e.a.AnnotationMBeanExporter        : Located managed bean 'restartEndpoint': registering with JMX server as MBean [org.springframework.cloud.context.restart:name=restartEndpoint,type=RestartEndpoint]
2017-11-20 09:33:29.169  INFO 4137 --- [main] o.s.j.e.a.AnnotationMBeanExporter        : Located managed bean 'serviceRegistryEndpoint': registering with JMX server as MBean [org.springframework.cloud.client.serviceregistry.endpoint:name=serviceRegistryEndpoint,type=ServiceRegistryEndpoint]
2017-11-20 09:33:29.182  INFO 4137 --- [main] o.s.j.e.a.AnnotationMBeanExporter        : Located managed bean 'refreshScope': registering with JMX server as MBean [org.springframework.cloud.context.scope.refresh:name=refreshScope,type=RefreshScope]
2017-11-20 09:33:29.356  INFO 4137 --- [main] o.s.j.e.a.AnnotationMBeanExporter        : Located managed bean 'configurationPropertiesRebinder': registering with JMX server as MBean [org.springframework.cloud.context.properties:name=configurationPropertiesRebinder,context=5dd91bca,type=ConfigurationPropertiesRebinder]
2017-11-20 09:33:29.382  INFO 4137 --- [main] o.s.j.e.a.AnnotationMBeanExporter        : Located managed bean 'refreshEndpoint': registering with JMX server as MBean [org.springframework.cloud.endpoint:name=refreshEndpoint,type=RefreshEndpoint]
2017-11-20 09:33:30.873  INFO 4137 --- [main] o.s.c.support.DefaultLifecycleProcessor  : Starting beans in phase 0
2017-11-20 09:33:31.401  INFO 4137 --- [main] s.b.c.e.t.TomcatEmbeddedServletContainer : Tomcat started on port(s): 54060 (http)
2017-11-20 09:33:31.403  INFO 4137 --- [main] .s.c.n.e.s.EurekaAutoServiceRegistration : Updating port to 54060
2017-11-20 09:33:31.475  INFO 4137 --- [main] o.s.c.n.eureka.InstanceInfoFactory       : Setting initial instance status as: STARTING
2017-11-20 09:33:31.613  INFO 4137 --- [main] com.netflix.discovery.DiscoveryClient    : Initializing Eureka in region us-east-1
2017-11-20 09:33:32.346  INFO 4137 --- [main] c.n.d.provider.DiscoveryJerseyProvider   : Using JSON encoding codec LegacyJacksonJson
2017-11-20 09:33:32.347  INFO 4137 --- [main] c.n.d.provider.DiscoveryJerseyProvider   : Using JSON decoding codec LegacyJacksonJson
2017-11-20 09:33:32.782  INFO 4137 --- [main] c.n.d.provider.DiscoveryJerseyProvider   : Using XML encoding codec XStreamXml
2017-11-20 09:33:32.790  INFO 4137 --- [main] c.n.d.provider.DiscoveryJerseyProvider   : Using XML decoding codec XStreamXml
2017-11-20 09:33:34.619  INFO 4137 --- [main] c.n.d.s.r.aws.ConfigClusterResolver      : Resolving eureka endpoints via configuration
2017-11-20 09:33:34.885  INFO 4137 --- [main] com.netflix.discovery.DiscoveryClient    : Disable delta property : false
2017-11-20 09:33:34.886  INFO 4137 --- [main] com.netflix.discovery.DiscoveryClient    : Single vip registry refresh property : null
2017-11-20 09:33:34.887  INFO 4137 --- [main] com.netflix.discovery.DiscoveryClient    : Force full registry fetch : false
2017-11-20 09:33:34.887  INFO 4137 --- [main] com.netflix.discovery.DiscoveryClient    : Application is null : false
2017-11-20 09:33:34.887  INFO 4137 --- [main] com.netflix.discovery.DiscoveryClient    : Registered Applications size is zero : true
2017-11-20 09:33:34.890  INFO 4137 --- [main] com.netflix.discovery.DiscoveryClient    : Application version is -1: true
2017-11-20 09:33:34.902  INFO 4137 --- [main] com.netflix.discovery.DiscoveryClient    : Getting all instance registry info from the eureka server
2017-11-20 09:33:35.788  INFO 4137 --- [main] com.netflix.discovery.DiscoveryClient    : The response status is 200
2017-11-20 09:33:35.796  INFO 4137 --- [main] com.netflix.discovery.DiscoveryClient    : Starting heartbeat executor: renew interval is: 30
2017-11-20 09:33:35.811  INFO 4137 --- [main] c.n.discovery.InstanceInfoReplicator     : InstanceInfoReplicator onDemand update allowed rate per min is 4
2017-11-20 09:33:35.817  INFO 4137 --- [main] com.netflix.discovery.DiscoveryClient    : Discovery Client initialized at timestamp 1511188415816 with initial instances count: 1
2017-11-20 09:33:35.910  INFO 4137 --- [main] o.s.c.n.e.s.EurekaServiceRegistry        : Registering application burndown with eureka with status UP
2017-11-20 09:33:35.932  INFO 4137 --- [main] com.netflix.discovery.DiscoveryClient    : Saw local status change event StatusChangeEvent [timestamp=1511188415932, current=UP, previous=STARTING]
2017-11-20 09:33:35.934  INFO 4137 --- [DiscoveryClient-InstanceInfoReplicator-0] com.netflix.discovery.DiscoveryClient    : DiscoveryClient_BURNDOWN/usf-gold-wifi-226-61-181.laptops.usf.edu:burndown:0: registering service...
2017-11-20 09:33:35.959  INFO 4137 --- [main] .TrelloV2BurndownChartServiceApplication : Started TrelloV2BurndownChartServiceApplication in 43.638 seconds (JVM running for 47.069)
2017-11-20 09:33:36.013  INFO 4137 --- [DiscoveryClient-InstanceInfoReplicator-0] com.netflix.discovery.DiscoveryClient    : DiscoveryClient_BURNDOWN/usf-gold-wifi-226-61-181.laptops.usf.edu:burndown:0 - registration status: 204
2017-11-20 09:34:55.025  INFO 4137 --- [http-nio-auto-1-exec-1] o.a.c.c.C.[Tomcat].[localhost].[/]       : Initializing Spring FrameworkServlet 'dispatcherServlet'
2017-11-20 09:34:55.029  INFO 4137 --- [http-nio-auto-1-exec-1] o.s.web.servlet.DispatcherServlet        : FrameworkServlet 'dispatcherServlet': initialization started
2017-11-20 09:34:55.257  INFO 4137 --- [http-nio-auto-1-exec-1] o.s.web.servlet.DispatcherServlet        : FrameworkServlet 'dispatcherServlet': initialization completed in 222 ms
2017-11-20 09:34:55.449  INFO 4137 --- [http-nio-auto-1-exec-1] c.r.burndown.aspect.AspectLogging        : Validating User Method
2017-11-20 09:35:01.876  INFO 4137 --- [http-nio-auto-1-exec-2] c.r.burndown.aspect.AspectLogging        : Validating User Method
2017-11-20 09:35:43.274  INFO 4137 --- [RMI TCP Connection(14)-127.0.0.1] inMXBeanRegistrar$SpringApplicationAdmin : Application shutdown requested.
2017-11-20 09:35:43.275  INFO 4137 --- [RMI TCP Connection(14)-127.0.0.1] ationConfigEmbeddedWebApplicationContext : Closing org.springframework.boot.context.embedded.AnnotationConfigEmbeddedWebApplicationContext@5dd91bca: startup date [Mon Nov 20 09:32:59 EST 2017]; parent: org.springframework.context.annotation.AnnotationConfigApplicationContext@15ca7889
2017-11-20 09:35:43.277  INFO 4137 --- [RMI TCP Connection(14)-127.0.0.1] o.s.c.n.e.s.EurekaServiceRegistry        : Unregistering application burndown with eureka with status DOWN
2017-11-20 09:35:43.278  WARN 4137 --- [RMI TCP Connection(14)-127.0.0.1] com.netflix.discovery.DiscoveryClient    : Saw local status change event StatusChangeEvent [timestamp=1511188543277, current=DOWN, previous=UP]
2017-11-20 09:35:43.278  INFO 4137 --- [DiscoveryClient-InstanceInfoReplicator-0] com.netflix.discovery.DiscoveryClient    : DiscoveryClient_BURNDOWN/usf-gold-wifi-226-61-181.laptops.usf.edu:burndown:0: registering service...
2017-11-20 09:35:43.278  INFO 4137 --- [RMI TCP Connection(14)-127.0.0.1] com.netflix.discovery.DiscoveryClient    : Shutting down DiscoveryClient ...
2017-11-20 09:35:43.279  INFO 4137 --- [RMI TCP Connection(14)-127.0.0.1] com.netflix.discovery.DiscoveryClient    : Unregistering ...
2017-11-20 09:35:43.286  INFO 4137 --- [DiscoveryClient-InstanceInfoReplicator-0] com.netflix.discovery.DiscoveryClient    : DiscoveryClient_BURNDOWN/usf-gold-wifi-226-61-181.laptops.usf.edu:burndown:0 - registration status: 204
2017-11-20 09:35:43.292  INFO 4137 --- [RMI TCP Connection(14)-127.0.0.1] com.netflix.discovery.DiscoveryClient    : DiscoveryClient_BURNDOWN/usf-gold-wifi-226-61-181.laptops.usf.edu:burndown:0 - deregister  status: 200
2017-11-20 09:35:43.296  INFO 4137 --- [RMI TCP Connection(14)-127.0.0.1] com.netflix.discovery.DiscoveryClient    : Completed shut down of DiscoveryClient
2017-11-20 09:35:43.299  INFO 4137 --- [RMI TCP Connection(14)-127.0.0.1] o.s.c.support.DefaultLifecycleProcessor  : Stopping beans in phase 0
2017-11-20 09:35:43.302  INFO 4137 --- [RMI TCP Connection(14)-127.0.0.1] o.s.j.e.a.AnnotationMBeanExporter        : Unregistering JMX-exposed beans on shutdown
2017-11-20 09:35:43.303  INFO 4137 --- [RMI TCP Connection(14)-127.0.0.1] o.s.j.e.a.AnnotationMBeanExporter        : Unregistering JMX-exposed beans
2017-11-20 09:35:43.306  INFO 4137 --- [RMI TCP Connection(14)-127.0.0.1] j.LocalContainerEntityManagerFactoryBean : Closing JPA EntityManagerFactory for persistence unit 'default'
2017-11-20 09:35:43.458  INFO 4137 --- [RMI TCP Connection(14)-127.0.0.1] o.apache.catalina.core.StandardService   : Stopping service [Tomcat]
2017-11-20 09:35:43.463  INFO 4137 --- [localhost-startStop-2] o.a.c.c.C.[Tomcat].[localhost].[/]       : Destroying Spring FrameworkServlet 'dispatcherServlet'
